

HI-TECH Software PIC Macro Assembler V9.83 build 10920 
                                                                                                           Wed Jan 22 16:16:58 2014


     1                           
     2                           	; HI-TECH C Compiler for PIC10/12/16 MCUs V9.83
     3                           	; Copyright (C) 1984-2011 HI-TECH Software
     4                           
     5                           	; Auto-generated runtime startup code for final link stage.
     6                           
     7                           	;
     8                           	; Compiler options:
     9                           	;
    10                           	; -oTRIG.cof -mTRIG.map --summary=default --output=default Main.p1 \
    11                           	; --chip=16F819 -P --runtime=default,+oscval:0 \
    12                           	; --opt=default,+asm,-debug,-speed,+space,9 --warn=0 --double=24 \
    13                           	; --float=24 --addrqual=ignore -g --asmlist \
    14                           	; --errformat=Error   [%n] %f; %l.%c %s --msgformat=Advisory[%n] %s \
    15                           	; --warnformat=Warning [%n] %f; %l.%c %s
    16                           	;
    17                           
    18                           
    19                           	processor	16F819
    20                           
    21                           	global	_main,start,_exit,reset_vec
    22                           	fnroot	_main
    23                           	psect	config,class=CONFIG,delta=2
    24                           	psect	idloc,class=IDLOC,delta=2
    25                           	psect	code,class=CODE,delta=2
    26                           	psect	powerup,class=CODE,delta=2
    27                           	psect	reset_vec,class=CODE,delta=2
    28                           	psect	maintext,class=CODE,delta=2
    29  0000                     	C	set	0
    30  0002                     	Z	set	2
    31  0002                     	PCL	set	2
    32  0000                     	INDF	set	0
    33                           
    34  0003                     	STATUS	equ	3
    35  000A                     	PCLATH	equ	0Ah
    36                           
    37                           	psect	eeprom_data,class=EEDATA,delta=2,space=2
    38                           	psect	intentry,class=CODE,delta=2
    39                           	psect	functab,class=CODE,delta=2
    40                           	global	intlevel0,intlevel1,intlevel2, intlevel3, intlevel4, intlevel5
    41  0000                     intlevel0:
    42  0000                     intlevel1:
    43  0000                     intlevel2:
    44  0000                     intlevel3:
    45  0000                     intlevel4:
    46  0000                     intlevel5:
    47                           	psect	init,class=CODE,delta=2
    48                           	psect	cinit,class=CODE,delta=2
    49                           	psect	text,class=CODE,delta=2
    50                           	psect	end_init,class=CODE,delta=2
    51                           	psect	clrtext,class=CODE,delta=2
    52  0004                     	FSR	set	4
    53                           	psect	strings,class=CODE,delta=2,reloc=256
    54                           
    55                           	psect	reset_vec
    56  0000                     reset_vec:
    57                           	; No powerup routine
    58                           	global start
    59                           
    60                           ; jump to start
    61  0000  2810               	goto	start & 0x7FF | (reset_vec & not 0x7FF)
    62                           
    63                           
    64                           
    65                           	psect	init
    66  0010                     start
    67  0010                     _exit
    68                           	psect	end_init
    69                           	global start_initialization
    70  0010  2CDE               	ljmp start_initialization	;jump to C runtime clear & initialization


HI-TECH Software PICC Macro Assembler V9.83 build 10920 
Symbol Table                                                                                               Wed Jan 22 16:16:58 2014

               _main 0011                 _exit 0010                 start 0010  start_initialization 04DE  
           intlevel0 0000             intlevel1 0000             intlevel2 0000             intlevel3 0000  
           intlevel4 0000             intlevel5 0000             reset_vec 0000  
